0 info it worked if it ends with ok
1 verbose cli [ '/home/employee/.nvm/versions/node/v7.2.0/bin/node',
1 verbose cli   '/home/employee/.nvm/versions/node/v7.2.0/bin/npm',
1 verbose cli   'run',
1 verbose cli   'api' ]
2 info using npm@3.10.9
3 info using node@v7.2.0
4 verbose run-script [ 'preapi', 'api', 'postapi' ]
5 info lifecycle cinema@0.0.0~preapi: cinema@0.0.0
6 silly lifecycle cinema@0.0.0~preapi: no script for preapi, continuing
7 info lifecycle cinema@0.0.0~api: cinema@0.0.0
8 verbose lifecycle cinema@0.0.0~api: unsafe-perm in lifecycle true
9 verbose lifecycle cinema@0.0.0~api: PATH: /home/employee/.nvm/versions/node/v7.2.0/lib/node_modules/npm/bin/node-gyp-bin:/home/employee/Desktop/test/hall/client/node_modules/.bin:/home/employee/bin:/home/employee/.local/bin:/home/employee/.nvm/versions/node/v7.2.0/bin:/usr/local/heroku/bin:/home/employee/bin:/home/employee/.local/bin:/usr/local/sbin:/usr/local/bin:/usr/sbin:/usr/bin:/sbin:/bin:/usr/games:/usr/local/games:/snap/bin:/snap/bin
10 verbose lifecycle cinema@0.0.0~api: CWD: /home/employee/Desktop/test/hall/client
11 silly lifecycle cinema@0.0.0~api: Args: [ '-c', 'ng serve --proxy-config proxy.conf.json' ]
12 silly lifecycle cinema@0.0.0~api: Returned: code: 1  signal: null
13 info lifecycle cinema@0.0.0~api: Failed to exec api script
14 verbose stack Error: cinema@0.0.0 api: `ng serve --proxy-config proxy.conf.json`
14 verbose stack Exit status 1
14 verbose stack     at EventEmitter.<anonymous> (/home/employee/.nvm/versions/node/v7.2.0/lib/node_modules/npm/lib/utils/lifecycle.js:255:16)
14 verbose stack     at emitTwo (events.js:106:13)
14 verbose stack     at EventEmitter.emit (events.js:191:7)
14 verbose stack     at ChildProcess.<anonymous> (/home/employee/.nvm/versions/node/v7.2.0/lib/node_modules/npm/lib/utils/spawn.js:40:14)
14 verbose stack     at emitTwo (events.js:106:13)
14 verbose stack     at ChildProcess.emit (events.js:191:7)
14 verbose stack     at maybeClose (internal/child_process.js:885:16)
14 verbose stack     at Process.ChildProcess._handle.onexit (internal/child_process.js:226:5)
15 verbose pkgid cinema@0.0.0
16 verbose cwd /home/employee/Desktop/test/hall/client
17 error Linux 4.4.0-51-generic
18 error argv "/home/employee/.nvm/versions/node/v7.2.0/bin/node" "/home/employee/.nvm/versions/node/v7.2.0/bin/npm" "run" "api"
19 error node v7.2.0
20 error npm  v3.10.9
21 error code ELIFECYCLE
22 error cinema@0.0.0 api: `ng serve --proxy-config proxy.conf.json`
22 error Exit status 1
23 error Failed at the cinema@0.0.0 api script 'ng serve --proxy-config proxy.conf.json'.
23 error Make sure you have the latest version of node.js and npm installed.
23 error If you do, this is most likely a problem with the cinema package,
23 error not with npm itself.
23 error Tell the author that this fails on your system:
23 error     ng serve --proxy-config proxy.conf.json
23 error You can get information on how to open an issue for this project with:
23 error     npm bugs cinema
23 error Or if that isn't available, you can get their info via:
23 error     npm owner ls cinema
23 error There is likely additional logging output above.
24 verbose exit [ 1, true ]
